<?xml version="1.0" encoding="UTF-8"?>
<!-- Generated by org.testng.reporters.JUnitXMLReporter -->
<testsuite hostname="DESKTOP-10A811K" failures="0" tests="4" name="Default test" time="22.47" errors="0" timestamp="26 Jun 2019 19:28:15 GMT">
  <testcase classname="TestngDemo.TestngClass" name="first" time="22.44"/>
  <testcase classname="TestngDemo.TestngClass" name="third" time="0.005"/>
  <testcase classname="TestngDemo.TestngClass" name="second" time="0.001"/>
  <testcase classname="TestngDemo.TestngClass" name="four" time="0.001"/>
</testsuite> <!-- Default test -->
