<?xml version="1.0" encoding="UTF-8"?>
<!-- Generated by org.testng.reporters.JUnitXMLReporter -->
<testsuite hostname="DESKTOP-10A811K" failures="1" tests="4" name="testDemo" time="22.863" errors="0" timestamp="26 Jun 2019 19:25:46 GMT">
  <testcase classname="TestngDemo.TestngClass" name="first" time="22.804"/>
  <testcase classname="TestngDemo.TestngClass" name="third" time="0.006"/>
  <testcase classname="TestngDemo.TestngClass" name="second" time="0.002"/>
  <testcase classname="TestngDemo.TestngClass" name="four" time="0.001">
    <failure type="java.lang.AssertionError" message="expected [false] but found [true]">
      <![CDATA[java.lang.AssertionError: expected [false] but found [true]
	at TestngDemo.TestngClass.four(TestngClass.java:69)
... Removed 30 stack frames]]>
    </failure>
  </testcase> <!-- four -->
</testsuite> <!-- testDemo -->
