<?xml version="1.0" encoding="UTF-8"?>
<testng-results total="1" passed="1" failed="0" skipped="0">
  <reporter-output>
  </reporter-output>
  <suite started-at="2019-12-05T13:24:08Z" name="Default suite" finished-at="2019-12-05T13:24:29Z" duration-ms="20774">
    <groups>
    </groups>
    <test started-at="2019-12-05T13:24:08Z" name="Default test" finished-at="2019-12-05T13:24:29Z" duration-ms="20774">
      <class name="TestngDemo.Face">
        <test-method is-config="true" signature="launch()[pri:0, instance:TestngDemo.Face@40ef3420]" started-at="2019-12-05T18:54:08Z" name="launch" finished-at="2019-12-05T18:54:28Z" duration-ms="20512" status="PASS">
          <reporter-output>
          </reporter-output>
        </test-method> <!-- launch -->
        <test-method signature="m2()[pri:0, instance:TestngDemo.Face@40ef3420]" started-at="2019-12-05T18:54:28Z" name="m2" finished-at="2019-12-05T18:54:29Z" duration-ms="233" status="PASS">
          <reporter-output>
          </reporter-output>
        </test-method> <!-- m2 -->
      </class> <!-- TestngDemo.Face -->
    </test> <!-- Default test -->
  </suite> <!-- Default suite -->
</testng-results>
